<?xml version="1.0" encoding="UTF-8"?>
<testsuite xmlns:xsi="http://www.w3.org/2001/XMLSchema-instance" xsi:noNamespaceSchemaLocation="https://maven.apache.org/surefire/maven-surefire-plugin/xsd/surefire-test-report-3.0.xsd" version="3.0" name="com.example.bank.BankSystemTest$TransferTests" time="0.021" tests="4" errors="0" skipped="0" failures="0">
  <properties>
[...]
</properties>
  <testcase name="negativeInitialBalanceThrows" classname="com.example.bank.BankSystemTest" time="0.387">
    <system-out><![CDATA[13:05:13.896 &amp#27;[34mINFO &amp#27;[0;39m [main] &amp#27;[36mc.e.bank.BankAccount&amp#27;[0;39m - Account created: id=27454ECD, holder=Alice
13:05:13.902 &amp#27;[34mINFO &amp#27;[0;39m [main] &amp#27;[36mc.e.bank.BankAccount&amp#27;[0;39m - Account created: id=E2EF28CA, holder=Bob
13:05:13.910 &amp#27;[34mINFO &amp#27;[0;39m [main] &amp#27;[36mc.e.bank.BankAccount&amp#27;[0;39m - Account created: id=D58F93B6, holder=Bad
13:05:13.910 &amp#27;[1;31mERROR&amp#27;[0;39m [main] &amp#27;[36mc.e.bank.BankAccount&amp#27;[0;39m - Negative initial balance=-100.0 for holder=Bad
]]></system-out>
  </testcase>
  <testcase name="transferInsufficientFundsThrows" classname="com.example.bank.BankSystemTest$TransferTests" time="0.003">
    <system-out><![CDATA[13:05:13.928 &amp#27;[34mINFO &amp#27;[0;39m [main] &amp#27;[36mc.e.bank.BankAccount&amp#27;[0;39m - Account created: id=EF1A5012, holder=Alice
13:05:13.930 &amp#27;[34mINFO &amp#27;[0;39m [main] &amp#27;[36mc.e.bank.BankAccount&amp#27;[0;39m - Account created: id=27DB7073, holder=Bob
13:05:13.930 &amp#27;[34mINFO &amp#27;[0;39m [main] &amp#27;[36mc.e.bank.BankService&amp#27;[0;39m - Transfer: from=EF1A5012, to=27DB7073, amount=9999.0
13:05:13.930 &amp#27;[31mWARN &amp#27;[0;39m [main] &amp#27;[36mc.e.bank.BankAccount&amp#27;[0;39m - Insufficient funds: requested=9999.0, balance=1000.0
]]></system-out>
  </testcase>
  <testcase name="transferZeroThrows" classname="com.example.bank.BankSystemTest$TransferTests" time="0.003">
    <system-out><![CDATA[13:05:13.933 &amp#27;[34mINFO &amp#27;[0;39m [main] &amp#27;[36mc.e.bank.BankAccount&amp#27;[0;39m - Account created: id=6DBA8F88, holder=Alice
13:05:13.933 &amp#27;[34mINFO &amp#27;[0;39m [main] &amp#27;[36mc.e.bank.BankAccount&amp#27;[0;39m - Account created: id=E0853C12, holder=Bob
13:05:13.933 &amp#27;[31mWARN &amp#27;[0;39m [main] &amp#27;[36mc.e.bank.BankService&amp#27;[0;39m - Transfer rejected: non-positive amount=0.0
]]></system-out>
  </testcase>
  <testcase name="transferMovesBalance" classname="com.example.bank.BankSystemTest$TransferTests" time="0.006">
    <system-out><![CDATA[13:05:13.937 &amp#27;[34mINFO &amp#27;[0;39m [main] &amp#27;[36mc.e.bank.BankAccount&amp#27;[0;39m - Account created: id=1E84EA4D, holder=Alice
13:05:13.937 &amp#27;[34mINFO &amp#27;[0;39m [main] &amp#27;[36mc.e.bank.BankAccount&amp#27;[0;39m - Account created: id=DDBB4E7C, holder=Bob
13:05:13.937 &amp#27;[34mINFO &amp#27;[0;39m [main] &amp#27;[36mc.e.bank.BankService&amp#27;[0;39m - Transfer: from=1E84EA4D, to=DDBB4E7C, amount=300.0
13:05:13.939 &amp#27;[34mINFO &amp#27;[0;39m [main] &amp#27;[36mc.e.bank.BankAccount&amp#27;[0;39m - Withdrawal OK: id=1E84EA4D, amount=300.0, newBalance=700.0
13:05:13.941 &amp#27;[34mINFO &amp#27;[0;39m [main] &amp#27;[36mc.e.bank.BankAccount&amp#27;[0;39m - Deposit OK: id=DDBB4E7C, amount=300.0, newBalance=500.0
13:05:13.941 &amp#27;[34mINFO &amp#27;[0;39m [main] &amp#27;[36mc.e.bank.BankService&amp#27;[0;39m - Transfer complete: from=1E84EA4D balance=700.0, to=DDBB4E7C balance=500.0
]]></system-out>
  </testcase>
</testsuite>