<?xml version="1.0" encoding="UTF-8"?>
<testsuite xmlns:xsi="http://www.w3.org/2001/XMLSchema-instance" xsi:noNamespaceSchemaLocation="https://maven.apache.org/surefire/maven-surefire-plugin/xsd/surefire-test-report-3.0.xsd" version="3.0" name="com.example.bank.BankServiceTest" time="0.027" tests="6" errors="0" skipped="0" failures="0">
  <properties>
[...]
</properties>
  <testcase name="printStatementEmpty" classname="com.example.bank.BankServiceTest" time="0.004">
    <system-out><![CDATA[10:36:42.747 &amp#27;[34mINFO &amp#27;[0;39m [main] &amp#27;[36mcom.example.bank.BankAccount&amp#27;[0;39m - Account created: id=E1090333, holder=Alice
10:36:42.748 &amp#27;[34mINFO &amp#27;[0;39m [main] &amp#27;[36mcom.example.bank.BankAccount&amp#27;[0;39m - Initial balance applied: accountId=E1090333, balance=1000.0
10:36:42.748 &amp#27;[34mINFO &amp#27;[0;39m [main] &amp#27;[36mcom.example.bank.BankAccount&amp#27;[0;39m - Account created: id=AA3AA585, holder=Bob
10:36:42.749 &amp#27;[34mINFO &amp#27;[0;39m [main] &amp#27;[36mcom.example.bank.BankAccount&amp#27;[0;39m - Initial balance applied: accountId=AA3AA585, balance=200.0
10:36:42.749 &amp#27;[34mINFO &amp#27;[0;39m [main] &amp#27;[36mcom.example.bank.BankAccount&amp#27;[0;39m - Account created: id=94E81438, holder=Empty
10:36:42.749 &amp#27;[34mINFO &amp#27;[0;39m [main] &amp#27;[36mcom.example.bank.BankService&amp#27;[0;39m - === Statement for Empty (id=94E81438) ===
10:36:42.749 &amp#27;[34mINFO &amp#27;[0;39m [main] &amp#27;[36mcom.example.bank.BankService&amp#27;[0;39m -   No transactions recorded.
10:36:42.750 &amp#27;[39mDEBUG&amp#27;[0;39m [main] &amp#27;[36mcom.example.bank.BankAccount&amp#27;[0;39m - Balance queried: accountId=94E81438, balance=0.0
10:36:42.750 &amp#27;[34mINFO &amp#27;[0;39m [main] &amp#27;[36mcom.example.bank.BankService&amp#27;[0;39m -   Current balance: 0.0
]]></system-out>
  </testcase>
  <testcase name="transferZeroThrows" classname="com.example.bank.BankServiceTest" time="0.004">
    <system-out><![CDATA[10:36:42.751 &amp#27;[34mINFO &amp#27;[0;39m [main] &amp#27;[36mcom.example.bank.BankAccount&amp#27;[0;39m - Account created: id=108C274C, holder=Alice
10:36:42.753 &amp#27;[34mINFO &amp#27;[0;39m [main] &amp#27;[36mcom.example.bank.BankAccount&amp#27;[0;39m - Initial balance applied: accountId=108C274C, balance=1000.0
10:36:42.754 &amp#27;[34mINFO &amp#27;[0;39m [main] &amp#27;[36mcom.example.bank.BankAccount&amp#27;[0;39m - Account created: id=CD62FCBA, holder=Bob
10:36:42.754 &amp#27;[34mINFO &amp#27;[0;39m [main] &amp#27;[36mcom.example.bank.BankAccount&amp#27;[0;39m - Initial balance applied: accountId=CD62FCBA, balance=200.0
10:36:42.755 &amp#27;[31mWARN &amp#27;[0;39m [main] &amp#27;[36mcom.example.bank.BankService&amp#27;[0;39m - Transfer rejected: non-positive amount=0.0
]]></system-out>
  </testcase>
  <testcase name="transferMovesBalance" classname="com.example.bank.BankServiceTest" time="0.004">
    <system-out><![CDATA[10:36:42.757 &amp#27;[34mINFO &amp#27;[0;39m [main] &amp#27;[36mcom.example.bank.BankAccount&amp#27;[0;39m - Account created: id=A2506828, holder=Alice
10:36:42.757 &amp#27;[34mINFO &amp#27;[0;39m [main] &amp#27;[36mcom.example.bank.BankAccount&amp#27;[0;39m - Initial balance applied: accountId=A2506828, balance=1000.0
10:36:42.757 &amp#27;[34mINFO &amp#27;[0;39m [main] &amp#27;[36mcom.example.bank.BankAccount&amp#27;[0;39m - Account created: id=35879868, holder=Bob
10:36:42.759 &amp#27;[34mINFO &amp#27;[0;39m [main] &amp#27;[36mcom.example.bank.BankAccount&amp#27;[0;39m - Initial balance applied: accountId=35879868, balance=200.0
10:36:42.759 &amp#27;[34mINFO &amp#27;[0;39m [main] &amp#27;[36mcom.example.bank.BankService&amp#27;[0;39m - Transfer initiated: from=A2506828, to=35879868, amount=300.0
10:36:42.759 &amp#27;[34mINFO &amp#27;[0;39m [main] &amp#27;[36mcom.example.bank.BankAccount&amp#27;[0;39m - Withdrawal OK: accountId=A2506828, amount=300.0, newBalance=700.0
10:36:42.759 &amp#27;[39mDEBUG&amp#27;[0;39m [main] &amp#27;[36mcom.example.bank.BankAccount&amp#27;[0;39m - Transaction recorded: [2026-05-07T10:36:42.759893200] WITHDRAWAL 300.00 - Withdrawal by Alice
10:36:42.759 &amp#27;[34mINFO &amp#27;[0;39m [main] &amp#27;[36mcom.example.bank.BankAccount&amp#27;[0;39m - Deposit OK: accountId=35879868, amount=300.0, newBalance=500.0
10:36:42.759 &amp#27;[39mDEBUG&amp#27;[0;39m [main] &amp#27;[36mcom.example.bank.BankAccount&amp#27;[0;39m - Transaction recorded: [2026-05-07T10:36:42.759893200] DEPOSIT 300.00 - Deposit by Bob
10:36:42.759 &amp#27;[34mINFO &amp#27;[0;39m [main] &amp#27;[36mcom.example.bank.BankService&amp#27;[0;39m - Transfer complete: from=A2506828, to=35879868, amount=300.0
10:36:42.759 &amp#27;[39mDEBUG&amp#27;[0;39m [main] &amp#27;[36mcom.example.bank.BankAccount&amp#27;[0;39m - Balance queried: accountId=A2506828, balance=700.0
10:36:42.761 &amp#27;[39mDEBUG&amp#27;[0;39m [main] &amp#27;[36mcom.example.bank.BankAccount&amp#27;[0;39m - Balance queried: accountId=35879868, balance=500.0
]]></system-out>
  </testcase>
  <testcase name="transferInsufficientFunds" classname="com.example.bank.BankServiceTest" time="0.0">
    <system-out><![CDATA[10:36:42.761 &amp#27;[34mINFO &amp#27;[0;39m [main] &amp#27;[36mcom.example.bank.BankAccount&amp#27;[0;39m - Account created: id=023487CD, holder=Alice
10:36:42.761 &amp#27;[34mINFO &amp#27;[0;39m [main] &amp#27;[36mcom.example.bank.BankAccount&amp#27;[0;39m - Initial balance applied: accountId=023487CD, balance=1000.0
10:36:42.761 &amp#27;[34mINFO &amp#27;[0;39m [main] &amp#27;[36mcom.example.bank.BankAccount&amp#27;[0;39m - Account created: id=7738EB98, holder=Bob
10:36:42.761 &amp#27;[34mINFO &amp#27;[0;39m [main] &amp#27;[36mcom.example.bank.BankAccount&amp#27;[0;39m - Initial balance applied: accountId=7738EB98, balance=200.0
10:36:42.761 &amp#27;[34mINFO &amp#27;[0;39m [main] &amp#27;[36mcom.example.bank.BankService&amp#27;[0;39m - Transfer initiated: from=023487CD, to=7738EB98, amount=9999.0
10:36:42.761 &amp#27;[31mWARN &amp#27;[0;39m [main] &amp#27;[36mcom.example.bank.BankAccount&amp#27;[0;39m - Withdrawal rejected: insufficient funds. requested=9999.0, balance=1000.0, id=023487CD
]]></system-out>
  </testcase>
  <testcase name="transferNegativeThrows" classname="com.example.bank.BankServiceTest" time="0.002">
    <system-out><![CDATA[10:36:42.765 &amp#27;[34mINFO &amp#27;[0;39m [main] &amp#27;[36mcom.example.bank.BankAccount&amp#27;[0;39m - Account created: id=D2DA2A10, holder=Alice
10:36:42.765 &amp#27;[34mINFO &amp#27;[0;39m [main] &amp#27;[36mcom.example.bank.BankAccount&amp#27;[0;39m - Initial balance applied: accountId=D2DA2A10, balance=1000.0
10:36:42.765 &amp#27;[34mINFO &amp#27;[0;39m [main] &amp#27;[36mcom.example.bank.BankAccount&amp#27;[0;39m - Account created: id=C2362BE1, holder=Bob
10:36:42.765 &amp#27;[34mINFO &amp#27;[0;39m [main] &amp#27;[36mcom.example.bank.BankAccount&amp#27;[0;39m - Initial balance applied: accountId=C2362BE1, balance=200.0
10:36:42.765 &amp#27;[31mWARN &amp#27;[0;39m [main] &amp#27;[36mcom.example.bank.BankService&amp#27;[0;39m - Transfer rejected: non-positive amount=-10.0
]]></system-out>
  </testcase>
  <testcase name="printStatementWithHistory" classname="com.example.bank.BankServiceTest" time="0.003">
    <system-out><![CDATA[10:36:42.768 &amp#27;[34mINFO &amp#27;[0;39m [main] &amp#27;[36mcom.example.bank.BankAccount&amp#27;[0;39m - Account created: id=508F5FA2, holder=Alice
10:36:42.768 &amp#27;[34mINFO &amp#27;[0;39m [main] &amp#27;[36mcom.example.bank.BankAccount&amp#27;[0;39m - Initial balance applied: accountId=508F5FA2, balance=1000.0
10:36:42.768 &amp#27;[34mINFO &amp#27;[0;39m [main] &amp#27;[36mcom.example.bank.BankAccount&amp#27;[0;39m - Account created: id=454C772D, holder=Bob
10:36:42.768 &amp#27;[34mINFO &amp#27;[0;39m [main] &amp#27;[36mcom.example.bank.BankAccount&amp#27;[0;39m - Initial balance applied: accountId=454C772D, balance=200.0
10:36:42.769 &amp#27;[34mINFO &amp#27;[0;39m [main] &amp#27;[36mcom.example.bank.BankAccount&amp#27;[0;39m - Deposit OK: accountId=508F5FA2, amount=100.0, newBalance=1100.0
10:36:42.769 &amp#27;[39mDEBUG&amp#27;[0;39m [main] &amp#27;[36mcom.example.bank.BankAccount&amp#27;[0;39m - Transaction recorded: [2026-05-07T10:36:42.769823100] DEPOSIT 100.00 - Deposit by Alice
10:36:42.770 &amp#27;[34mINFO &amp#27;[0;39m [main] &amp#27;[36mcom.example.bank.BankAccount&amp#27;[0;39m - Withdrawal OK: accountId=508F5FA2, amount=50.0, newBalance=1050.0
10:36:42.770 &amp#27;[39mDEBUG&amp#27;[0;39m [main] &amp#27;[36mcom.example.bank.BankAccount&amp#27;[0;39m - Transaction recorded: [2026-05-07T10:36:42.770349] WITHDRAWAL 50.00 - Withdrawal by Alice
10:36:42.770 &amp#27;[34mINFO &amp#27;[0;39m [main] &amp#27;[36mcom.example.bank.BankService&amp#27;[0;39m - === Statement for Alice (id=508F5FA2) ===
10:36:42.770 &amp#27;[34mINFO &amp#27;[0;39m [main] &amp#27;[36mcom.example.bank.BankService&amp#27;[0;39m -   [2026-05-07T10:36:42.769823100] DEPOSIT 100.00 - Deposit by Alice
10:36:42.770 &amp#27;[34mINFO &amp#27;[0;39m [main] &amp#27;[36mcom.example.bank.BankService&amp#27;[0;39m -   [2026-05-07T10:36:42.770349] WITHDRAWAL 50.00 - Withdrawal by Alice
10:36:42.770 &amp#27;[39mDEBUG&amp#27;[0;39m [main] &amp#27;[36mcom.example.bank.BankAccount&amp#27;[0;39m - Balance queried: accountId=508F5FA2, balance=1050.0
10:36:42.771 &amp#27;[34mINFO &amp#27;[0;39m [main] &amp#27;[36mcom.example.bank.BankService&amp#27;[0;39m -   Current balance: 1050.0
]]></system-out>
  </testcase>
</testsuite>