<?xml version="1.0" encoding="UTF-8"?>
<testsuite xmlns:xsi="http://www.w3.org/2001/XMLSchema-instance" xsi:noNamespaceSchemaLocation="https://maven.apache.org/surefire/maven-surefire-plugin/xsd/surefire-test-report-3.0.xsd" version="3.0" name="com.example.bank.BankAccountTest$ConstructorTests" time="0.011" tests="3" errors="0" skipped="0" failures="0">
  <properties>
[...]
</properties>
  <testcase name="negativeInitialBalance" classname="com.example.bank.BankAccountTest$ConstructorTests" time="0.003">
    <system-out><![CDATA[10:36:42.727 &amp#27;[34mINFO &amp#27;[0;39m [main] &amp#27;[36mcom.example.bank.BankAccount&amp#27;[0;39m - Account created: id=E432494B, holder=TestUser
10:36:42.729 &amp#27;[34mINFO &amp#27;[0;39m [main] &amp#27;[36mcom.example.bank.BankAccount&amp#27;[0;39m - Initial balance applied: accountId=E432494B, balance=500.0
10:36:42.730 &amp#27;[34mINFO &amp#27;[0;39m [main] &amp#27;[36mcom.example.bank.BankAccount&amp#27;[0;39m - Account created: id=D2DF9E14, holder=Bad
10:36:42.730 &amp#27;[1;31mERROR&amp#27;[0;39m [main] &amp#27;[36mcom.example.bank.BankAccount&amp#27;[0;39m - Account creation rejected: negative initialBalance=-100.0 for holder=Bad
]]></system-out>
  </testcase>
  <testcase name="zeroBalance" classname="com.example.bank.BankAccountTest$ConstructorTests" time="0.002">
    <system-out><![CDATA[10:36:42.731 &amp#27;[34mINFO &amp#27;[0;39m [main] &amp#27;[36mcom.example.bank.BankAccount&amp#27;[0;39m - Account created: id=E384F5DE, holder=TestUser
10:36:42.733 &amp#27;[34mINFO &amp#27;[0;39m [main] &amp#27;[36mcom.example.bank.BankAccount&amp#27;[0;39m - Initial balance applied: accountId=E384F5DE, balance=500.0
10:36:42.733 &amp#27;[34mINFO &amp#27;[0;39m [main] &amp#27;[36mcom.example.bank.BankAccount&amp#27;[0;39m - Account created: id=A1A3BDD4, holder=Empty
10:36:42.733 &amp#27;[39mDEBUG&amp#27;[0;39m [main] &amp#27;[36mcom.example.bank.BankAccount&amp#27;[0;39m - Balance queried: accountId=A1A3BDD4, balance=0.0
]]></system-out>
  </testcase>
  <testcase name="initialBalance" classname="com.example.bank.BankAccountTest$ConstructorTests" time="0.003">
    <system-out><![CDATA[10:36:42.736 &amp#27;[34mINFO &amp#27;[0;39m [main] &amp#27;[36mcom.example.bank.BankAccount&amp#27;[0;39m - Account created: id=0BAEAA51, holder=TestUser
10:36:42.737 &amp#27;[34mINFO &amp#27;[0;39m [main] &amp#27;[36mcom.example.bank.BankAccount&amp#27;[0;39m - Initial balance applied: accountId=0BAEAA51, balance=500.0
10:36:42.737 &amp#27;[39mDEBUG&amp#27;[0;39m [main] &amp#27;[36mcom.example.bank.BankAccount&amp#27;[0;39m - Balance queried: accountId=0BAEAA51, balance=500.0
]]></system-out>
  </testcase>
</testsuite>