<?xml version="1.0" encoding="UTF-8"?>
<testsuite xmlns:xsi="http://www.w3.org/2001/XMLSchema-instance" xsi:noNamespaceSchemaLocation="https://maven.apache.org/surefire/maven-surefire-plugin/xsd/surefire-test-report-3.0.xsd" version="3.0" name="com.example.MathUtilsTest$FactorialTests" time="0.012" tests="3" errors="0" skipped="0" failures="0">
  <properties>
[...]
</properties>
  <testcase name="factorialNegativeThrows" classname="com.example.MathUtilsTest$FactorialTests" time="0.005">
    <system-out><![CDATA[10:22:14.491 &amp#27;[1;31mERROR&amp#27;[0;39m [main] &amp#27;[36mcom.example.MathUtils&amp#27;[0;39m - factorial() called with negative input: -1
]]></system-out>
  </testcase>
  <testcase name="factorialZero" classname="com.example.MathUtilsTest$FactorialTests" time="0.001">
    <system-out><![CDATA[10:22:14.494 &amp#27;[39mDEBUG&amp#27;[0;39m [main] &amp#27;[36mcom.example.MathUtils&amp#27;[0;39m - factorial(0) = 1
]]></system-out>
  </testcase>
  <testcase name="factorialSix" classname="com.example.MathUtilsTest$FactorialTests" time="0.0">
    <system-out><![CDATA[10:22:14.497 &amp#27;[39mDEBUG&amp#27;[0;39m [main] &amp#27;[36mcom.example.MathUtils&amp#27;[0;39m - factorial(6) = 720
]]></system-out>
  </testcase>
</testsuite>