<?xml version="1.0" encoding="UTF-8"?>
<testsuite xmlns:xsi="http://www.w3.org/2001/XMLSchema-instance" xsi:noNamespaceSchemaLocation="https://maven.apache.org/surefire/maven-surefire-plugin/xsd/surefire-test-report-3.0.xsd" version="3.0" name="com.example.bank.BankSystemTest$DepositTests" time="0.021" tests="4" errors="0" skipped="0" failures="0">
  <properties>
[...]
</properties>
  <testcase name="depositZeroThrows" classname="com.example.bank.BankSystemTest$DepositTests" time="0.007">
    <system-out><![CDATA[13:24:36.723 &amp#27;[39mDEBUG&amp#27;[0;39m [main] &amp#27;[36mc.example.bank.BankSystemTest&amp#27;[0;39m - Setting up test fixtures...
13:24:36.724 &amp#27;[34mINFO &amp#27;[0;39m [main] &amp#27;[36mcom.example.bank.BankAccount&amp#27;[0;39m - Account created: accountId=F4322716, holder=Alice
13:24:36.724 &amp#27;[34mINFO &amp#27;[0;39m [main] &amp#27;[36mcom.example.bank.BankAccount&amp#27;[0;39m - Initial balance applied: accountId=F4322716, balance=1000.0
13:24:36.726 &amp#27;[34mINFO &amp#27;[0;39m [main] &amp#27;[36mcom.example.bank.BankAccount&amp#27;[0;39m - Account created: accountId=593D4D40, holder=Bob
13:24:36.726 &amp#27;[34mINFO &amp#27;[0;39m [main] &amp#27;[36mcom.example.bank.BankAccount&amp#27;[0;39m - Initial balance applied: accountId=593D4D40, balance=200.0
13:24:36.728 &amp#27;[31mWARN &amp#27;[0;39m [main] &amp#27;[36mcom.example.bank.BankAccount&amp#27;[0;39m - Deposit rejected: non-positive amount=0.0, accountId=F4322716
]]></system-out>
  </testcase>
  <testcase name="depositIncreasesBalance" classname="com.example.bank.BankSystemTest$DepositTests" time="0.004">
    <system-out><![CDATA[13:24:36.731 &amp#27;[39mDEBUG&amp#27;[0;39m [main] &amp#27;[36mc.example.bank.BankSystemTest&amp#27;[0;39m - Setting up test fixtures...
13:24:36.732 &amp#27;[34mINFO &amp#27;[0;39m [main] &amp#27;[36mcom.example.bank.BankAccount&amp#27;[0;39m - Account created: accountId=BC75E9C4, holder=Alice
13:24:36.732 &amp#27;[34mINFO &amp#27;[0;39m [main] &amp#27;[36mcom.example.bank.BankAccount&amp#27;[0;39m - Initial balance applied: accountId=BC75E9C4, balance=1000.0
13:24:36.732 &amp#27;[34mINFO &amp#27;[0;39m [main] &amp#27;[36mcom.example.bank.BankAccount&amp#27;[0;39m - Account created: accountId=2B0E3AA7, holder=Bob
13:24:36.732 &amp#27;[34mINFO &amp#27;[0;39m [main] &amp#27;[36mcom.example.bank.BankAccount&amp#27;[0;39m - Initial balance applied: accountId=2B0E3AA7, balance=200.0
13:24:36.732 &amp#27;[34mINFO &amp#27;[0;39m [main] &amp#27;[36mc.example.bank.BankSystemTest&amp#27;[0;39m - Test: deposit(500) on account with balance=1000
13:24:36.733 &amp#27;[39mDEBUG&amp#27;[0;39m [main] &amp#27;[36mcom.example.bank.Transaction&amp#27;[0;39m - Transaction created: id=TX-84B363, type=DEPOSIT, amount=500.0
13:24:36.733 &amp#27;[34mINFO &amp#27;[0;39m [main] &amp#27;[36mcom.example.bank.BankAccount&amp#27;[0;39m - Deposit OK: accountId=BC75E9C4, amount=500.0, newBalance=1500.0
13:24:36.733 &amp#27;[39mDEBUG&amp#27;[0;39m [main] &amp#27;[36mcom.example.bank.BankAccount&amp#27;[0;39m - Transaction recorded: [TX-84B363] DEPOSIT      500.00  Deposit by Alice @ 2026-05-07T13:24:36.733557800
13:24:36.734 &amp#27;[39mDEBUG&amp#27;[0;39m [main] &amp#27;[36mcom.example.bank.BankAccount&amp#27;[0;39m - Balance queried: accountId=BC75E9C4, balance=1500.0
13:24:36.734 &amp#27;[39mDEBUG&amp#27;[0;39m [main] &amp#27;[36mcom.example.bank.BankAccount&amp#27;[0;39m - Balance queried: accountId=BC75E9C4, balance=1500.0
13:24:36.734 &amp#27;[34mINFO &amp#27;[0;39m [main] &amp#27;[36mc.example.bank.BankSystemTest&amp#27;[0;39m - Test PASSED: newBalance=1500.0
]]></system-out>
  </testcase>
  <testcase name="depositRecordedInHistory" classname="com.example.bank.BankSystemTest$DepositTests" time="0.003">
    <system-out><![CDATA[13:24:36.735 &amp#27;[39mDEBUG&amp#27;[0;39m [main] &amp#27;[36mc.example.bank.BankSystemTest&amp#27;[0;39m - Setting up test fixtures...
13:24:36.736 &amp#27;[34mINFO &amp#27;[0;39m [main] &amp#27;[36mcom.example.bank.BankAccount&amp#27;[0;39m - Account created: accountId=FDACE489, holder=Alice
13:24:36.736 &amp#27;[34mINFO &amp#27;[0;39m [main] &amp#27;[36mcom.example.bank.BankAccount&amp#27;[0;39m - Initial balance applied: accountId=FDACE489, balance=1000.0
13:24:36.737 &amp#27;[34mINFO &amp#27;[0;39m [main] &amp#27;[36mcom.example.bank.BankAccount&amp#27;[0;39m - Account created: accountId=4B9D579A, holder=Bob
13:24:36.737 &amp#27;[34mINFO &amp#27;[0;39m [main] &amp#27;[36mcom.example.bank.BankAccount&amp#27;[0;39m - Initial balance applied: accountId=4B9D579A, balance=200.0
13:24:36.738 &amp#27;[39mDEBUG&amp#27;[0;39m [main] &amp#27;[36mcom.example.bank.Transaction&amp#27;[0;39m - Transaction created: id=TX-FADCA5, type=DEPOSIT, amount=300.0
13:24:36.738 &amp#27;[34mINFO &amp#27;[0;39m [main] &amp#27;[36mcom.example.bank.BankAccount&amp#27;[0;39m - Deposit OK: accountId=FDACE489, amount=300.0, newBalance=1300.0
13:24:36.738 &amp#27;[39mDEBUG&amp#27;[0;39m [main] &amp#27;[36mcom.example.bank.BankAccount&amp#27;[0;39m - Transaction recorded: [TX-FADCA5] DEPOSIT      300.00  Deposit by Alice @ 2026-05-07T13:24:36.738004200
]]></system-out>
  </testcase>
  <testcase name="depositNegativeThrows" classname="com.example.bank.BankSystemTest$DepositTests" time="0.003">
    <system-out><![CDATA[13:24:36.740 &amp#27;[39mDEBUG&amp#27;[0;39m [main] &amp#27;[36mc.example.bank.BankSystemTest&amp#27;[0;39m - Setting up test fixtures...
13:24:36.741 &amp#27;[34mINFO &amp#27;[0;39m [main] &amp#27;[36mcom.example.bank.BankAccount&amp#27;[0;39m - Account created: accountId=D9742CED, holder=Alice
13:24:36.741 &amp#27;[34mINFO &amp#27;[0;39m [main] &amp#27;[36mcom.example.bank.BankAccount&amp#27;[0;39m - Initial balance applied: accountId=D9742CED, balance=1000.0
13:24:36.742 &amp#27;[34mINFO &amp#27;[0;39m [main] &amp#27;[36mcom.example.bank.BankAccount&amp#27;[0;39m - Account created: accountId=4B920A9F, holder=Bob
13:24:36.742 &amp#27;[34mINFO &amp#27;[0;39m [main] &amp#27;[36mcom.example.bank.BankAccount&amp#27;[0;39m - Initial balance applied: accountId=4B920A9F, balance=200.0
13:24:36.742 &amp#27;[31mWARN &amp#27;[0;39m [main] &amp#27;[36mcom.example.bank.BankAccount&amp#27;[0;39m - Deposit rejected: non-positive amount=-100.0, accountId=D9742CED
]]></system-out>
  </testcase>
</testsuite>