<?xml version="1.0" encoding="UTF-8"?>
<testsuite xmlns:xsi="http://www.w3.org/2001/XMLSchema-instance" xsi:noNamespaceSchemaLocation="https://maven.apache.org/surefire/maven-surefire-plugin/xsd/surefire-test-report-3.0.xsd" version="3.0" name="com.example.bank.BankSystemTest$WithdrawTests" time="0.025" tests="4" errors="0" skipped="0" failures="0">
  <properties>
[...]
</properties>
  <testcase name="insufficientFunds" classname="com.example.bank.BankSystemTest$WithdrawTests" time="0.005">
    <system-out><![CDATA[13:24:36.695 &amp#27;[39mDEBUG&amp#27;[0;39m [main] &amp#27;[36mc.example.bank.BankSystemTest&amp#27;[0;39m - Setting up test fixtures...
13:24:36.696 &amp#27;[34mINFO &amp#27;[0;39m [main] &amp#27;[36mcom.example.bank.BankAccount&amp#27;[0;39m - Account created: accountId=4A5A0AB3, holder=Alice
13:24:36.697 &amp#27;[34mINFO &amp#27;[0;39m [main] &amp#27;[36mcom.example.bank.BankAccount&amp#27;[0;39m - Initial balance applied: accountId=4A5A0AB3, balance=1000.0
13:24:36.697 &amp#27;[34mINFO &amp#27;[0;39m [main] &amp#27;[36mcom.example.bank.BankAccount&amp#27;[0;39m - Account created: accountId=1C23F92D, holder=Bob
13:24:36.697 &amp#27;[34mINFO &amp#27;[0;39m [main] &amp#27;[36mcom.example.bank.BankAccount&amp#27;[0;39m - Initial balance applied: accountId=1C23F92D, balance=200.0
13:24:36.698 &amp#27;[31mWARN &amp#27;[0;39m [main] &amp#27;[36mcom.example.bank.BankAccount&amp#27;[0;39m - Insufficient funds: accountId=4A5A0AB3, requested=9999.0, available=1000.0
]]></system-out>
  </testcase>
  <testcase name="withdrawDecreases" classname="com.example.bank.BankSystemTest$WithdrawTests" time="0.006">
    <system-out><![CDATA[13:24:36.702 &amp#27;[39mDEBUG&amp#27;[0;39m [main] &amp#27;[36mc.example.bank.BankSystemTest&amp#27;[0;39m - Setting up test fixtures...
13:24:36.702 &amp#27;[34mINFO &amp#27;[0;39m [main] &amp#27;[36mcom.example.bank.BankAccount&amp#27;[0;39m - Account created: accountId=14FE40AD, holder=Alice
13:24:36.702 &amp#27;[34mINFO &amp#27;[0;39m [main] &amp#27;[36mcom.example.bank.BankAccount&amp#27;[0;39m - Initial balance applied: accountId=14FE40AD, balance=1000.0
13:24:36.703 &amp#27;[34mINFO &amp#27;[0;39m [main] &amp#27;[36mcom.example.bank.BankAccount&amp#27;[0;39m - Account created: accountId=9EAC6693, holder=Bob
13:24:36.703 &amp#27;[34mINFO &amp#27;[0;39m [main] &amp#27;[36mcom.example.bank.BankAccount&amp#27;[0;39m - Initial balance applied: accountId=9EAC6693, balance=200.0
13:24:36.703 &amp#27;[39mDEBUG&amp#27;[0;39m [main] &amp#27;[36mcom.example.bank.Transaction&amp#27;[0;39m - Transaction created: id=TX-974DD0, type=WITHDRAWAL, amount=400.0
13:24:36.703 &amp#27;[34mINFO &amp#27;[0;39m [main] &amp#27;[36mcom.example.bank.BankAccount&amp#27;[0;39m - Withdrawal OK: accountId=14FE40AD, amount=400.0, newBalance=600.0
13:24:36.703 &amp#27;[39mDEBUG&amp#27;[0;39m [main] &amp#27;[36mcom.example.bank.BankAccount&amp#27;[0;39m - Transaction recorded: [TX-974DD0] WITHDRAWAL   400.00  Withdrawal by Alice @ 2026-05-07T13:24:36.703454200
13:24:36.703 &amp#27;[39mDEBUG&amp#27;[0;39m [main] &amp#27;[36mcom.example.bank.BankAccount&amp#27;[0;39m - Balance queried: accountId=14FE40AD, balance=600.0
]]></system-out>
  </testcase>
  <testcase name="withdrawZeroThrows" classname="com.example.bank.BankSystemTest$WithdrawTests" time="0.005">
    <system-out><![CDATA[13:24:36.707 &amp#27;[39mDEBUG&amp#27;[0;39m [main] &amp#27;[36mc.example.bank.BankSystemTest&amp#27;[0;39m - Setting up test fixtures...
13:24:36.708 &amp#27;[34mINFO &amp#27;[0;39m [main] &amp#27;[36mcom.example.bank.BankAccount&amp#27;[0;39m - Account created: accountId=C46F3F55, holder=Alice
13:24:36.708 &amp#27;[34mINFO &amp#27;[0;39m [main] &amp#27;[36mcom.example.bank.BankAccount&amp#27;[0;39m - Initial balance applied: accountId=C46F3F55, balance=1000.0
13:24:36.709 &amp#27;[34mINFO &amp#27;[0;39m [main] &amp#27;[36mcom.example.bank.BankAccount&amp#27;[0;39m - Account created: accountId=D90ED3F4, holder=Bob
13:24:36.709 &amp#27;[34mINFO &amp#27;[0;39m [main] &amp#27;[36mcom.example.bank.BankAccount&amp#27;[0;39m - Initial balance applied: accountId=D90ED3F4, balance=200.0
13:24:36.710 &amp#27;[31mWARN &amp#27;[0;39m [main] &amp#27;[36mcom.example.bank.BankAccount&amp#27;[0;39m - Withdrawal rejected: non-positive amount=0.0, accountId=C46F3F55
]]></system-out>
  </testcase>
  <testcase name="withdrawAll" classname="com.example.bank.BankSystemTest$WithdrawTests" time="0.006">
    <system-out><![CDATA[13:24:36.713 &amp#27;[39mDEBUG&amp#27;[0;39m [main] &amp#27;[36mc.example.bank.BankSystemTest&amp#27;[0;39m - Setting up test fixtures...
13:24:36.713 &amp#27;[34mINFO &amp#27;[0;39m [main] &amp#27;[36mcom.example.bank.BankAccount&amp#27;[0;39m - Account created: accountId=B6987E08, holder=Alice
13:24:36.713 &amp#27;[34mINFO &amp#27;[0;39m [main] &amp#27;[36mcom.example.bank.BankAccount&amp#27;[0;39m - Initial balance applied: accountId=B6987E08, balance=1000.0
13:24:36.713 &amp#27;[34mINFO &amp#27;[0;39m [main] &amp#27;[36mcom.example.bank.BankAccount&amp#27;[0;39m - Account created: accountId=B237DB41, holder=Bob
13:24:36.713 &amp#27;[34mINFO &amp#27;[0;39m [main] &amp#27;[36mcom.example.bank.BankAccount&amp#27;[0;39m - Initial balance applied: accountId=B237DB41, balance=200.0
13:24:36.716 &amp#27;[39mDEBUG&amp#27;[0;39m [main] &amp#27;[36mcom.example.bank.Transaction&amp#27;[0;39m - Transaction created: id=TX-D6172A, type=WITHDRAWAL, amount=1000.0
13:24:36.716 &amp#27;[34mINFO &amp#27;[0;39m [main] &amp#27;[36mcom.example.bank.BankAccount&amp#27;[0;39m - Withdrawal OK: accountId=B6987E08, amount=1000.0, newBalance=0.0
13:24:36.716 &amp#27;[39mDEBUG&amp#27;[0;39m [main] &amp#27;[36mcom.example.bank.BankAccount&amp#27;[0;39m - Transaction recorded: [TX-D6172A] WITHDRAWAL  1000.00  Withdrawal by Alice @ 2026-05-07T13:24:36.716068500
13:24:36.716 &amp#27;[39mDEBUG&amp#27;[0;39m [main] &amp#27;[36mcom.example.bank.BankAccount&amp#27;[0;39m - Balance queried: accountId=B6987E08, balance=0.0
]]></system-out>
  </testcase>
</testsuite>