<?xml version="1.0" encoding="UTF-8"?>
<testsuite xmlns:xsi="http://www.w3.org/2001/XMLSchema-instance" xsi:noNamespaceSchemaLocation="https://maven.apache.org/surefire/maven-surefire-plugin/xsd/surefire-test-report-3.0.xsd" version="3.0" name="com.example.bank.BankSystemTest$TransferTests" time="0.034" tests="6" errors="0" skipped="0" failures="0">
  <properties>
[...]
</properties>
  <testcase name="historyIsUnmodifiable" classname="com.example.bank.BankSystemTest" time="0.171">
    <system-out><![CDATA[13:24:36.480 &amp#27;[39mDEBUG&amp#27;[0;39m [main] &amp#27;[36mc.example.bank.BankSystemTest&amp#27;[0;39m - Setting up test fixtures...
13:24:36.582 &amp#27;[34mINFO &amp#27;[0;39m [main] &amp#27;[36mcom.example.bank.BankAccount&amp#27;[0;39m - Account created: accountId=82006283, holder=Alice
13:24:36.585 &amp#27;[34mINFO &amp#27;[0;39m [main] &amp#27;[36mcom.example.bank.BankAccount&amp#27;[0;39m - Initial balance applied: accountId=82006283, balance=1000.0
13:24:36.586 &amp#27;[34mINFO &amp#27;[0;39m [main] &amp#27;[36mcom.example.bank.BankAccount&amp#27;[0;39m - Account created: accountId=B24C95AA, holder=Bob
13:24:36.587 &amp#27;[34mINFO &amp#27;[0;39m [main] &amp#27;[36mcom.example.bank.BankAccount&amp#27;[0;39m - Initial balance applied: accountId=B24C95AA, balance=200.0
13:24:36.592 &amp#27;[39mDEBUG&amp#27;[0;39m [main] &amp#27;[36mcom.example.bank.Transaction&amp#27;[0;39m - Transaction created: id=TX-8FBE7F, type=DEPOSIT, amount=100.0
13:24:36.593 &amp#27;[34mINFO &amp#27;[0;39m [main] &amp#27;[36mcom.example.bank.BankAccount&amp#27;[0;39m - Deposit OK: accountId=82006283, amount=100.0, newBalance=1100.0
13:24:36.593 &amp#27;[39mDEBUG&amp#27;[0;39m [main] &amp#27;[36mcom.example.bank.BankAccount&amp#27;[0;39m - Transaction recorded: [TX-8FBE7F] DEPOSIT      100.00  Deposit by Alice @ 2026-05-07T13:24:36.592270700
]]></system-out>
  </testcase>
  <testcase name="negativeInitialBalanceThrows" classname="com.example.bank.BankSystemTest" time="0.008">
    <system-out><![CDATA[13:24:36.637 &amp#27;[39mDEBUG&amp#27;[0;39m [main] &amp#27;[36mc.example.bank.BankSystemTest&amp#27;[0;39m - Setting up test fixtures...
13:24:36.638 &amp#27;[34mINFO &amp#27;[0;39m [main] &amp#27;[36mcom.example.bank.BankAccount&amp#27;[0;39m - Account created: accountId=E305B7F8, holder=Alice
13:24:36.639 &amp#27;[34mINFO &amp#27;[0;39m [main] &amp#27;[36mcom.example.bank.BankAccount&amp#27;[0;39m - Initial balance applied: accountId=E305B7F8, balance=1000.0
13:24:36.639 &amp#27;[34mINFO &amp#27;[0;39m [main] &amp#27;[36mcom.example.bank.BankAccount&amp#27;[0;39m - Account created: accountId=C4AFCADC, holder=Bob
13:24:36.639 &amp#27;[34mINFO &amp#27;[0;39m [main] &amp#27;[36mcom.example.bank.BankAccount&amp#27;[0;39m - Initial balance applied: accountId=C4AFCADC, balance=200.0
13:24:36.640 &amp#27;[34mINFO &amp#27;[0;39m [main] &amp#27;[36mcom.example.bank.BankAccount&amp#27;[0;39m - Account created: accountId=34F97E61, holder=Bad
13:24:36.640 &amp#27;[1;31mERROR&amp#27;[0;39m [main] &amp#27;[36mcom.example.bank.BankAccount&amp#27;[0;39m - Account creation rejected: negative initialBalance=-100.0 for holder=Bad
]]></system-out>
  </testcase>
  <testcase name="accountIdPresent" classname="com.example.bank.BankSystemTest" time="0.007">
    <system-out><![CDATA[13:24:36.644 &amp#27;[39mDEBUG&amp#27;[0;39m [main] &amp#27;[36mc.example.bank.BankSystemTest&amp#27;[0;39m - Setting up test fixtures...
13:24:36.645 &amp#27;[34mINFO &amp#27;[0;39m [main] &amp#27;[36mcom.example.bank.BankAccount&amp#27;[0;39m - Account created: accountId=0D6F9EEE, holder=Alice
13:24:36.645 &amp#27;[34mINFO &amp#27;[0;39m [main] &amp#27;[36mcom.example.bank.BankAccount&amp#27;[0;39m - Initial balance applied: accountId=0D6F9EEE, balance=1000.0
13:24:36.646 &amp#27;[34mINFO &amp#27;[0;39m [main] &amp#27;[36mcom.example.bank.BankAccount&amp#27;[0;39m - Account created: accountId=FA163CD9, holder=Bob
13:24:36.646 &amp#27;[34mINFO &amp#27;[0;39m [main] &amp#27;[36mcom.example.bank.BankAccount&amp#27;[0;39m - Initial balance applied: accountId=FA163CD9, balance=200.0
]]></system-out>
  </testcase>
  <testcase name="transferZeroThrows" classname="com.example.bank.BankSystemTest$TransferTests" time="0.007">
    <system-out><![CDATA[13:24:36.655 &amp#27;[39mDEBUG&amp#27;[0;39m [main] &amp#27;[36mc.example.bank.BankSystemTest&amp#27;[0;39m - Setting up test fixtures...
13:24:36.657 &amp#27;[34mINFO &amp#27;[0;39m [main] &amp#27;[36mcom.example.bank.BankAccount&amp#27;[0;39m - Account created: accountId=6A49D61C, holder=Alice
13:24:36.657 &amp#27;[34mINFO &amp#27;[0;39m [main] &amp#27;[36mcom.example.bank.BankAccount&amp#27;[0;39m - Initial balance applied: accountId=6A49D61C, balance=1000.0
13:24:36.657 &amp#27;[34mINFO &amp#27;[0;39m [main] &amp#27;[36mcom.example.bank.BankAccount&amp#27;[0;39m - Account created: accountId=F1734F9F, holder=Bob
13:24:36.658 &amp#27;[34mINFO &amp#27;[0;39m [main] &amp#27;[36mcom.example.bank.BankAccount&amp#27;[0;39m - Initial balance applied: accountId=F1734F9F, balance=200.0
13:24:36.660 &amp#27;[31mWARN &amp#27;[0;39m [main] &amp#27;[36mcom.example.bank.BankService&amp#27;[0;39m - Transfer rejected: non-positive amount=0.0
]]></system-out>
  </testcase>
  <testcase name="transferMovesBalance" classname="com.example.bank.BankSystemTest$TransferTests" time="0.017">
    <system-out><![CDATA[13:24:36.664 &amp#27;[39mDEBUG&amp#27;[0;39m [main] &amp#27;[36mc.example.bank.BankSystemTest&amp#27;[0;39m - Setting up test fixtures...
13:24:36.665 &amp#27;[34mINFO &amp#27;[0;39m [main] &amp#27;[36mcom.example.bank.BankAccount&amp#27;[0;39m - Account created: accountId=9AE22165, holder=Alice
13:24:36.665 &amp#27;[34mINFO &amp#27;[0;39m [main] &amp#27;[36mcom.example.bank.BankAccount&amp#27;[0;39m - Initial balance applied: accountId=9AE22165, balance=1000.0
13:24:36.665 &amp#27;[34mINFO &amp#27;[0;39m [main] &amp#27;[36mcom.example.bank.BankAccount&amp#27;[0;39m - Account created: accountId=2DFAFCC2, holder=Bob
13:24:36.665 &amp#27;[34mINFO &amp#27;[0;39m [main] &amp#27;[36mcom.example.bank.BankAccount&amp#27;[0;39m - Initial balance applied: accountId=2DFAFCC2, balance=200.0
13:24:36.666 &amp#27;[39mDEBUG&amp#27;[0;39m [main] &amp#27;[36mcom.example.bank.BankAccount&amp#27;[0;39m - Balance queried: accountId=9AE22165, balance=1000.0
13:24:36.666 &amp#27;[39mDEBUG&amp#27;[0;39m [main] &amp#27;[36mcom.example.bank.BankAccount&amp#27;[0;39m - Balance queried: accountId=2DFAFCC2, balance=200.0
13:24:36.666 &amp#27;[34mINFO &amp#27;[0;39m [main] &amp#27;[36mc.example.bank.BankSystemTest&amp#27;[0;39m - Test: transfer(300) from alice=1000.0 to bob=200.0
13:24:36.668 &amp#27;[34mINFO &amp#27;[0;39m [main] &amp#27;[36mcom.example.bank.BankService&amp#27;[0;39m - Transfer initiated: from=9AE22165, to=2DFAFCC2, amount=300.0
13:24:36.668 &amp#27;[39mDEBUG&amp#27;[0;39m [main] &amp#27;[36mcom.example.bank.Transaction&amp#27;[0;39m - Transaction created: id=TX-E223F4, type=WITHDRAWAL, amount=300.0
13:24:36.669 &amp#27;[34mINFO &amp#27;[0;39m [main] &amp#27;[36mcom.example.bank.BankAccount&amp#27;[0;39m - Withdrawal OK: accountId=9AE22165, amount=300.0, newBalance=700.0
13:24:36.669 &amp#27;[39mDEBUG&amp#27;[0;39m [main] &amp#27;[36mcom.example.bank.BankAccount&amp#27;[0;39m - Transaction recorded: [TX-E223F4] WITHDRAWAL   300.00  Withdrawal by Alice @ 2026-05-07T13:24:36.668701600
13:24:36.670 &amp#27;[39mDEBUG&amp#27;[0;39m [main] &amp#27;[36mcom.example.bank.Transaction&amp#27;[0;39m - Transaction created: id=TX-B0E23E, type=DEPOSIT, amount=300.0
13:24:36.670 &amp#27;[34mINFO &amp#27;[0;39m [main] &amp#27;[36mcom.example.bank.BankAccount&amp#27;[0;39m - Deposit OK: accountId=2DFAFCC2, amount=300.0, newBalance=500.0
13:24:36.670 &amp#27;[39mDEBUG&amp#27;[0;39m [main] &amp#27;[36mcom.example.bank.BankAccount&amp#27;[0;39m - Transaction recorded: [TX-B0E23E] DEPOSIT      300.00  Deposit by Bob @ 2026-05-07T13:24:36.670221200
13:24:36.670 &amp#27;[39mDEBUG&amp#27;[0;39m [main] &amp#27;[36mcom.example.bank.BankAccount&amp#27;[0;39m - Balance queried: accountId=9AE22165, balance=700.0
13:24:36.670 &amp#27;[39mDEBUG&amp#27;[0;39m [main] &amp#27;[36mcom.example.bank.BankAccount&amp#27;[0;39m - Balance queried: accountId=2DFAFCC2, balance=500.0
13:24:36.671 &amp#27;[34mINFO &amp#27;[0;39m [main] &amp#27;[36mcom.example.bank.BankService&amp#27;[0;39m - Transfer complete: from=9AE22165 newBalance=700.0, to=2DFAFCC2 newBalance=500.0
13:24:36.671 &amp#27;[39mDEBUG&amp#27;[0;39m [main] &amp#27;[36mcom.example.bank.BankAccount&amp#27;[0;39m - Balance queried: accountId=9AE22165, balance=700.0
13:24:36.677 &amp#27;[39mDEBUG&amp#27;[0;39m [main] &amp#27;[36mcom.example.bank.BankAccount&amp#27;[0;39m - Balance queried: accountId=2DFAFCC2, balance=500.0
13:24:36.678 &amp#27;[39mDEBUG&amp#27;[0;39m [main] &amp#27;[36mcom.example.bank.BankAccount&amp#27;[0;39m - Balance queried: accountId=9AE22165, balance=700.0
13:24:36.678 &amp#27;[39mDEBUG&amp#27;[0;39m [main] &amp#27;[36mcom.example.bank.BankAccount&amp#27;[0;39m - Balance queried: accountId=2DFAFCC2, balance=500.0
13:24:36.678 &amp#27;[34mINFO &amp#27;[0;39m [main] &amp#27;[36mc.example.bank.BankSystemTest&amp#27;[0;39m - Test PASSED: alice=700.0, bob=500.0
]]></system-out>
  </testcase>
  <testcase name="transferInsufficientFunds" classname="com.example.bank.BankSystemTest$TransferTests" time="0.005">
    <system-out><![CDATA[13:24:36.681 &amp#27;[39mDEBUG&amp#27;[0;39m [main] &amp#27;[36mc.example.bank.BankSystemTest&amp#27;[0;39m - Setting up test fixtures...
13:24:36.682 &amp#27;[34mINFO &amp#27;[0;39m [main] &amp#27;[36mcom.example.bank.BankAccount&amp#27;[0;39m - Account created: accountId=ED7701F4, holder=Alice
13:24:36.682 &amp#27;[34mINFO &amp#27;[0;39m [main] &amp#27;[36mcom.example.bank.BankAccount&amp#27;[0;39m - Initial balance applied: accountId=ED7701F4, balance=1000.0
13:24:36.682 &amp#27;[34mINFO &amp#27;[0;39m [main] &amp#27;[36mcom.example.bank.BankAccount&amp#27;[0;39m - Account created: accountId=E39A494F, holder=Bob
13:24:36.682 &amp#27;[34mINFO &amp#27;[0;39m [main] &amp#27;[36mcom.example.bank.BankAccount&amp#27;[0;39m - Initial balance applied: accountId=E39A494F, balance=200.0
13:24:36.683 &amp#27;[34mINFO &amp#27;[0;39m [main] &amp#27;[36mcom.example.bank.BankService&amp#27;[0;39m - Transfer initiated: from=ED7701F4, to=E39A494F, amount=9999.0
13:24:36.683 &amp#27;[31mWARN &amp#27;[0;39m [main] &amp#27;[36mcom.example.bank.BankAccount&amp#27;[0;39m - Insufficient funds: accountId=ED7701F4, requested=9999.0, available=1000.0
]]></system-out>
  </testcase>
</testsuite>